Determining if the pthread_create exist failed with the following output:
Change Dir: /home/cezary/Dokumenty/SK/SK-radio/build/CMakeFiles/CMakeTmp

Run Build Command:"/usr/bin/make" "cmTC_18c28/fast"
/usr/bin/make -f CMakeFiles/cmTC_18c28.dir/build.make CMakeFiles/cmTC_18c28.dir/build
make[1]: Wejście do katalogu '/home/cezary/Dokumenty/SK/SK-radio/build/CMakeFiles/CMakeTmp'
Building CXX object CMakeFiles/cmTC_18c28.dir/CheckSymbolExists.cxx.o
/usr/bin/c++     -o CMakeFiles/cmTC_18c28.dir/CheckSymbolExists.cxx.o -c /home/cezary/Dokumenty/SK/SK-radio/build/CMakeFiles/CMakeTmp/CheckSymbolExists.cxx
Linking CXX executable cmTC_18c28
/usr/bin/cmake -E cmake_link_script CMakeFiles/cmTC_18c28.dir/link.txt --verbose=1
/usr/bin/c++       -rdynamic CMakeFiles/cmTC_18c28.dir/CheckSymbolExists.cxx.o  -o cmTC_18c28 
/usr/bin/ld: CMakeFiles/cmTC_18c28.dir/CheckSymbolExists.cxx.o: in function `main':
CheckSymbolExists.cxx:(.text+0x1b): undefined reference to `pthread_create'
collect2: error: ld returned 1 exit status
make[1]: *** [CMakeFiles/cmTC_18c28.dir/build.make:87: cmTC_18c28] Błąd 1
make[1]: Opuszczenie katalogu '/home/cezary/Dokumenty/SK/SK-radio/build/CMakeFiles/CMakeTmp'
make: *** [Makefile:121: cmTC_18c28/fast] Błąd 2

File /home/cezary/Dokumenty/SK/SK-radio/build/CMakeFiles/CMakeTmp/CheckSymbolExists.cxx:
/* */
#include <pthread.h>

int main(int argc, char** argv)
{
  (void)argv;
#ifndef pthread_create
  return ((int*)(&pthread_create))[argc];
#else
  (void)argc;
  return 0;
#endif
}

Determining if the function pthread_create exists in the pthreads failed with the following output:
Change Dir: /home/cezary/Dokumenty/SK/SK-radio/build/CMakeFiles/CMakeTmp

Run Build Command:"/usr/bin/make" "cmTC_d0a83/fast"
/usr/bin/make -f CMakeFiles/cmTC_d0a83.dir/build.make CMakeFiles/cmTC_d0a83.dir/build
make[1]: Wejście do katalogu '/home/cezary/Dokumenty/SK/SK-radio/build/CMakeFiles/CMakeTmp'
Building CXX object CMakeFiles/cmTC_d0a83.dir/CheckFunctionExists.cxx.o
/usr/bin/c++    -DCHECK_FUNCTION_EXISTS=pthread_create   -o CMakeFiles/cmTC_d0a83.dir/CheckFunctionExists.cxx.o -c /home/cezary/Dokumenty/SK/SK-radio/build/CMakeFiles/CheckLibraryExists/CheckFunctionExists.cxx
Linking CXX executable cmTC_d0a83
/usr/bin/cmake -E cmake_link_script CMakeFiles/cmTC_d0a83.dir/link.txt --verbose=1
/usr/bin/c++   -DCHECK_FUNCTION_EXISTS=pthread_create    -rdynamic CMakeFiles/cmTC_d0a83.dir/CheckFunctionExists.cxx.o  -o cmTC_d0a83 -lpthreads 
/usr/bin/ld: cannot find -lpthreads
collect2: error: ld returned 1 exit status
make[1]: *** [CMakeFiles/cmTC_d0a83.dir/build.make:87: cmTC_d0a83] Błąd 1
make[1]: Opuszczenie katalogu '/home/cezary/Dokumenty/SK/SK-radio/build/CMakeFiles/CMakeTmp'
make: *** [Makefile:121: cmTC_d0a83/fast] Błąd 2


